05-09 13:14:56 svg2mod 1301:Font "UbuntuMono-B" does not natively support style "Regular" using "Path" instead
05-09 13:14:56 svg2mod-unfiltered 262:Found SVG layer: F.SilkS
05-09 13:14:56 svg2mod 263:  Detailed names: [F.SilkS]
05-09 13:14:56 svg2mod 304:  Inlining 1 segments...
05-09 13:14:56 svg2mod 339:  Writing Text with 47 points
05-09 13:14:56 svg2mod 1301:Font "UbuntuMono-B" does not natively support style "Regular" using "Path" instead
05-09 13:14:56 svg2mod-unfiltered 262:Found SVG layer: F.SilkS
05-09 13:14:56 svg2mod 263:  Detailed names: [F.SilkS]
05-09 13:14:56 svg2mod 304:  Inlining 4 segments...
05-09 13:14:56 svg2mod 339:  Writing Text with 115 points
05-09 13:14:56 svg2mod 339:  Writing Text with 10 points
05-09 13:14:57 svg2mod 1301:Font "UbuntuMono-B" does not natively support style "Regular" using "Path" instead
05-09 13:14:57 svg2mod-unfiltered 262:Found SVG layer: F.SilkS
05-09 13:14:57 svg2mod 263:  Detailed names: [F.SilkS]
05-09 13:14:57 svg2mod 304:  Inlining 5 segments...
05-09 13:14:57 svg2mod 339:  Writing Text with 165 points
05-09 13:14:57 svg2mod 339:  Writing Text with 10 points
05-09 13:14:57 svg2mod 1301:Font "UbuntuMono-B" does not natively support style "Regular" using "Path" instead
05-09 13:14:57 svg2mod-unfiltered 262:Found SVG layer: F.SilkS
05-09 13:14:57 svg2mod 263:  Detailed names: [F.SilkS]
05-09 13:14:57 svg2mod 304:  Inlining 6 segments...
05-09 13:14:57 svg2mod 339:  Writing Text with 188 points
05-09 13:14:57 svg2mod 339:  Writing Text with 10 points
05-09 13:14:57 svg2mod 339:  Writing Text with 13 points
05-09 13:14:57 svg2mod 1301:Font "UbuntuMono-B" does not natively support style "Regular" using "Path" instead
05-09 13:14:57 svg2mod-unfiltered 262:Found SVG layer: F.SilkS
05-09 13:14:57 svg2mod 263:  Detailed names: [F.SilkS]
05-09 13:14:57 svg2mod 304:  Inlining 7 segments...
05-09 13:14:57 svg2mod 339:  Writing Text with 203 points
05-09 13:14:57 svg2mod 339:  Writing Text with 10 points
05-09 13:14:57 svg2mod 339:  Writing Text with 13 points
05-09 13:14:58 svg2mod 1301:Font "UbuntuMono-B" does not natively support style "Regular" using "Path" instead
05-09 13:14:58 svg2mod-unfiltered 262:Found SVG layer: F.SilkS
05-09 13:14:58 svg2mod 263:  Detailed names: [F.SilkS]
05-09 13:14:58 svg2mod 304:  Inlining 8 segments...
05-09 13:14:58 svg2mod 339:  Writing Text with 244 points
05-09 13:14:58 svg2mod 339:  Writing Text with 10 points
05-09 13:14:58 svg2mod 339:  Writing Text with 13 points
05-09 13:14:59 svg2mod 1301:Font "UbuntuMono-B" does not natively support style "Regular" using "Path" instead
05-09 13:14:59 svg2mod-unfiltered 262:Found SVG layer: F.SilkS
05-09 13:14:59 svg2mod 263:  Detailed names: [F.SilkS]
05-09 13:14:59 svg2mod 304:  Inlining 7 segments...
05-09 13:14:59 svg2mod 339:  Writing Text with 203 points
05-09 13:14:59 svg2mod 339:  Writing Text with 10 points
05-09 13:14:59 svg2mod 339:  Writing Text with 13 points
05-09 13:14:59 svg2mod 1301:Font "UbuntuMono-B" does not natively support style "Regular" using "Path" instead
05-09 13:14:59 svg2mod-unfiltered 262:Found SVG layer: F.SilkS
05-09 13:14:59 svg2mod 263:  Detailed names: [F.SilkS]
05-09 13:14:59 svg2mod 304:  Inlining 8 segments...
05-09 13:14:59 svg2mod 339:  Writing Text with 238 points
05-09 13:14:59 svg2mod 339:  Writing Text with 10 points
05-09 13:14:59 svg2mod 339:  Writing Text with 13 points
05-09 13:14:59 svg2mod 1301:Font "UbuntuMono-B" does not natively support style "Regular" using "Path" instead
05-09 13:14:59 svg2mod-unfiltered 262:Found SVG layer: F.SilkS
05-09 13:14:59 svg2mod 263:  Detailed names: [F.SilkS]
05-09 13:15:00 svg2mod 304:  Inlining 9 segments...
05-09 13:15:00 svg2mod 339:  Writing Text with 271 points
05-09 13:15:00 svg2mod 339:  Writing Text with 10 points
05-09 13:15:00 svg2mod 339:  Writing Text with 13 points
05-09 13:15:01 svg2mod 1301:Font "UbuntuMono-B" does not natively support style "Regular" using "Path" instead
05-09 13:15:01 svg2mod-unfiltered 262:Found SVG layer: F.SilkS
05-09 13:15:01 svg2mod 263:  Detailed names: [F.SilkS]
05-09 13:15:01 svg2mod 304:  Inlining 10 segments...
05-09 13:15:01 svg2mod 339:  Writing Text with 304 points
05-09 13:15:01 svg2mod 339:  Writing Text with 10 points
05-09 13:15:01 svg2mod 339:  Writing Text with 13 points
05-09 13:15:04 svg2mod 1301:Font "UbuntuMono-B" does not natively support style "Regular" using "Path" instead
05-09 13:15:04 svg2mod-unfiltered 262:Found SVG layer: F.SilkS
05-09 13:15:04 svg2mod 263:  Detailed names: [F.SilkS]
05-09 13:15:04 svg2mod 304:  Inlining 10 segments...
05-09 13:15:04 svg2mod 339:  Writing Text with 304 points
05-09 13:15:04 svg2mod 339:  Writing Text with 10 points
05-09 13:15:04 svg2mod 339:  Writing Text with 13 points
05-09 13:15:05 svg2mod 1301:Font "UbuntuMono-B" does not natively support style "Regular" using "Path" instead
05-09 13:15:05 svg2mod-unfiltered 262:Found SVG layer: F.SilkS
05-09 13:15:05 svg2mod 263:  Detailed names: [F.SilkS]
05-09 13:15:05 svg2mod 304:  Inlining 11 segments...
05-09 13:15:05 svg2mod 339:  Writing Text with 331 points
05-09 13:15:05 svg2mod 339:  Writing Text with 14 points
05-09 13:15:05 svg2mod 339:  Writing Text with 10 points
05-09 13:15:05 svg2mod 339:  Writing Text with 13 points
05-09 13:15:05 svg2mod 1301:Font "UbuntuMono-B" does not natively support style "Regular" using "Path" instead
05-09 13:15:05 svg2mod-unfiltered 262:Found SVG layer: F.SilkS
05-09 13:15:05 svg2mod 263:  Detailed names: [F.SilkS]
05-09 13:15:05 svg2mod 304:  Inlining 12 segments...
05-09 13:15:05 svg2mod 339:  Writing Text with 374 points
05-09 13:15:05 svg2mod 339:  Writing Text with 14 points
05-09 13:15:05 svg2mod 339:  Writing Text with 10 points
05-09 13:15:05 svg2mod 339:  Writing Text with 13 points
05-09 13:15:06 svg2mod 1301:Font "UbuntuMono-B" does not natively support style "Regular" using "Path" instead
05-09 13:15:06 svg2mod-unfiltered 262:Found SVG layer: F.SilkS
05-09 13:15:06 svg2mod 263:  Detailed names: [F.SilkS]
05-09 13:15:06 svg2mod 304:  Inlining 12 segments...
05-09 13:15:06 svg2mod 339:  Writing Text with 374 points
05-09 13:15:06 svg2mod 339:  Writing Text with 14 points
05-09 13:15:06 svg2mod 339:  Writing Text with 10 points
05-09 13:15:06 svg2mod 339:  Writing Text with 13 points
05-09 13:15:06 svg2mod 1301:Font "UbuntuMono-B" does not natively support style "Regular" using "Path" instead
05-09 13:15:06 svg2mod-unfiltered 262:Found SVG layer: F.SilkS
05-09 13:15:06 svg2mod 263:  Detailed names: [F.SilkS]
05-09 13:15:06 svg2mod 304:  Inlining 13 segments...
05-09 13:15:06 svg2mod 339:  Writing Text with 403 points
05-09 13:15:06 svg2mod 339:  Writing Text with 14 points
05-09 13:15:06 svg2mod 339:  Writing Text with 10 points
05-09 13:15:06 svg2mod 339:  Writing Text with 13 points
05-09 13:15:06 svg2mod 339:  Writing Text with 11 points
05-09 13:15:06 svg2mod 339:  Writing Text with 11 points
05-09 13:15:07 svg2mod 1301:Font "UbuntuMono-B" does not natively support style "Regular" using "Path" instead
05-09 13:15:07 svg2mod-unfiltered 262:Found SVG layer: F.SilkS
05-09 13:15:07 svg2mod 263:  Detailed names: [F.SilkS]
05-09 13:15:07 svg2mod 304:  Inlining 17 segments...
05-09 13:15:07 svg2mod 339:  Writing Text with 493 points
05-09 13:15:07 svg2mod 339:  Writing Text with 14 points
05-09 13:15:07 svg2mod 339:  Writing Text with 10 points
05-09 13:15:07 svg2mod 339:  Writing Text with 13 points
05-09 13:15:07 svg2mod 339:  Writing Text with 11 points
05-09 13:15:07 svg2mod 339:  Writing Text with 10 points
05-09 13:15:07 svg2mod 339:  Writing Text with 11 points
05-09 13:15:07 svg2mod 1301:Font "UbuntuMono-B" does not natively support style "Regular" using "Path" instead
05-09 13:15:07 svg2mod-unfiltered 262:Found SVG layer: F.SilkS
05-09 13:15:07 svg2mod 263:  Detailed names: [F.SilkS]
05-09 13:15:07 svg2mod 304:  Inlining 18 segments...
05-09 13:15:07 svg2mod 339:  Writing Text with 530 points
05-09 13:15:07 svg2mod 339:  Writing Text with 14 points
05-09 13:15:07 svg2mod 339:  Writing Text with 10 points
05-09 13:15:07 svg2mod 339:  Writing Text with 13 points
05-09 13:15:07 svg2mod 339:  Writing Text with 11 points
05-09 13:15:07 svg2mod 339:  Writing Text with 10 points
05-09 13:15:07 svg2mod 339:  Writing Text with 10 points
05-09 13:15:07 svg2mod 339:  Writing Text with 11 points
05-09 13:15:07 svg2mod 1301:Font "UbuntuMono-B" does not natively support style "Regular" using "Path" instead
05-09 13:15:07 svg2mod-unfiltered 262:Found SVG layer: F.SilkS
05-09 13:15:07 svg2mod 263:  Detailed names: [F.SilkS]
05-09 13:15:07 svg2mod 304:  Inlining 20 segments...
05-09 13:15:07 svg2mod 339:  Writing Text with 600 points
05-09 13:15:07 svg2mod 339:  Writing Text with 14 points
05-09 13:15:07 svg2mod 339:  Writing Text with 12 points
05-09 13:15:07 svg2mod 339:  Writing Text with 10 points
05-09 13:15:07 svg2mod 339:  Writing Text with 13 points
05-09 13:15:08 svg2mod 339:  Writing Text with 11 points
05-09 13:15:08 svg2mod 339:  Writing Text with 10 points
05-09 13:15:08 svg2mod 339:  Writing Text with 10 points
05-09 13:15:08 svg2mod 339:  Writing Text with 11 points
05-09 13:15:08 svg2mod 339:  Writing Text with 12 points
05-09 13:15:08 svg2mod 1301:Font "UbuntuMono-B" does not natively support style "Regular" using "Path" instead
05-09 13:15:08 svg2mod-unfiltered 262:Found SVG layer: F.SilkS
05-09 13:15:08 svg2mod 263:  Detailed names: [F.SilkS]
05-09 13:15:08 svg2mod 304:  Inlining 22 segments...
05-09 13:15:08 svg2mod 339:  Writing Text with 653 points
05-09 13:15:08 svg2mod 339:  Writing Text with 14 points
05-09 13:15:08 svg2mod 339:  Writing Text with 12 points
05-09 13:15:08 svg2mod 339:  Writing Text with 10 points
05-09 13:15:08 svg2mod 339:  Writing Text with 13 points
05-09 13:15:08 svg2mod 339:  Writing Text with 11 points
05-09 13:15:08 svg2mod 339:  Writing Text with 10 points
05-09 13:15:08 svg2mod 339:  Writing Text with 10 points
05-09 13:15:08 svg2mod 339:  Writing Text with 11 points
05-09 13:15:08 svg2mod 339:  Writing Text with 12 points
05-09 13:15:08 svg2mod 339:  Writing Text with 12 points
05-09 13:15:08 svg2mod 1301:Font "UbuntuMono-B" does not natively support style "Regular" using "Path" instead
05-09 13:15:08 svg2mod-unfiltered 262:Found SVG layer: F.SilkS
05-09 13:15:08 svg2mod 263:  Detailed names: [F.SilkS]
05-09 13:15:08 svg2mod 304:  Inlining 23 segments...
05-09 13:15:08 svg2mod 339:  Writing Text with 677 points
05-09 13:15:08 svg2mod 339:  Writing Text with 14 points
05-09 13:15:08 svg2mod 339:  Writing Text with 14 points
05-09 13:15:08 svg2mod 339:  Writing Text with 12 points
05-09 13:15:08 svg2mod 339:  Writing Text with 10 points
05-09 13:15:08 svg2mod 339:  Writing Text with 13 points
05-09 13:15:08 svg2mod 339:  Writing Text with 11 points
05-09 13:15:08 svg2mod 339:  Writing Text with 10 points
05-09 13:15:08 svg2mod 339:  Writing Text with 10 points
05-09 13:15:08 svg2mod 339:  Writing Text with 11 points
05-09 13:15:08 svg2mod 339:  Writing Text with 12 points
05-09 13:15:08 svg2mod 339:  Writing Text with 12 points
