ERC report (2026-01-14T11:03:07+0100, Encoding UTF8)

***** Sheet /
[pin_not_connected]: Pin not connected
    ; error
    @(71.12 mm, 63.50 mm): Symbol J6 Pin 1 [Pin_1, Passive, Line]
[pin_not_connected]: Pin not connected
    ; error
    @(71.12 mm, 66.04 mm): Symbol J6 Pin 2 [Pin_2, Passive, Line]
[pin_not_connected]: Pin not connected
    ; error
    @(71.12 mm, 68.58 mm): Symbol J6 Pin 3 [Pin_3, Passive, Line]
[pin_not_connected]: Pin not connected
    ; error
    @(71.12 mm, 71.12 mm): Symbol J6 Pin 4 [Pin_4, Passive, Line]
[pin_not_connected]: Pin not connected
    ; error
    @(71.12 mm, 73.66 mm): Symbol J6 Pin 5 [Pin_5, Passive, Line]
[pin_not_connected]: Pin not connected
    ; error
    @(71.12 mm, 76.20 mm): Symbol J6 Pin 6 [Pin_6, Passive, Line]
[pin_not_connected]: Pin not connected
    ; error
    @(71.12 mm, 78.74 mm): Symbol J6 Pin 7 [Pin_7, Passive, Line]
[pin_not_connected]: Pin not connected
    ; error
    @(71.12 mm, 81.28 mm): Symbol J6 Pin 8 [Pin_8, Passive, Line]
[pin_not_connected]: Pin not connected
    ; error
    @(71.12 mm, 83.82 mm): Symbol J6 Pin 9 [Pin_9, Passive, Line]
[pin_not_connected]: Pin not connected
    ; error
    @(71.12 mm, 86.36 mm): Symbol J6 Pin 10 [Pin_10, Passive, Line]
[power_pin_not_driven]: Input Power pin not driven by any Output Power pins
    ; error
    @(157.48 mm, 53.34 mm): Symbol #PWR01 Pin 1 [Power input, Line]
[power_pin_not_driven]: Input Power pin not driven by any Output Power pins
    ; error
    @(172.72 mm, 53.34 mm): Symbol #PWR02 Pin 1 [Power input, Line]
[pin_not_connected]: Pin not connected
    ; error
    @(243.84 mm, 60.96 mm): Symbol J7 Pin 10 [Pin_10, Passive, Line]
[pin_not_connected]: Pin not connected
    ; error
    @(243.84 mm, 63.50 mm): Symbol J7 Pin 9 [Pin_9, Passive, Line]
[pin_not_connected]: Pin not connected
    ; error
    @(243.84 mm, 66.04 mm): Symbol J7 Pin 8 [Pin_8, Passive, Line]
[pin_not_connected]: Pin not connected
    ; error
    @(243.84 mm, 68.58 mm): Symbol J7 Pin 7 [Pin_7, Passive, Line]
[pin_not_connected]: Pin not connected
    ; error
    @(243.84 mm, 71.12 mm): Symbol J7 Pin 6 [Pin_6, Passive, Line]
[pin_not_connected]: Pin not connected
    ; error
    @(243.84 mm, 73.66 mm): Symbol J7 Pin 5 [Pin_5, Passive, Line]
[pin_not_connected]: Pin not connected
    ; error
    @(243.84 mm, 76.20 mm): Symbol J7 Pin 4 [Pin_4, Passive, Line]
[pin_not_connected]: Pin not connected
    ; error
    @(243.84 mm, 78.74 mm): Symbol J7 Pin 3 [Pin_3, Passive, Line]
[pin_not_connected]: Pin not connected
    ; error
    @(243.84 mm, 81.28 mm): Symbol J7 Pin 2 [Pin_2, Passive, Line]
[pin_not_connected]: Pin not connected
    ; error
    @(243.84 mm, 83.82 mm): Symbol J7 Pin 1 [Pin_1, Passive, Line]
[pin_not_connected]: Pin not connected
    ; error
    @(243.84 mm, 153.67 mm): Symbol J8 Pin 10 [Pin_10, Passive, Line]
[pin_not_connected]: Pin not connected
    ; error
    @(243.84 mm, 156.21 mm): Symbol J8 Pin 9 [Pin_9, Passive, Line]
[pin_not_connected]: Pin not connected
    ; error
    @(243.84 mm, 158.75 mm): Symbol J8 Pin 8 [Pin_8, Passive, Line]
[pin_not_connected]: Pin not connected
    ; error
    @(243.84 mm, 161.29 mm): Symbol J8 Pin 7 [Pin_7, Passive, Line]
[pin_not_connected]: Pin not connected
    ; error
    @(243.84 mm, 163.83 mm): Symbol J8 Pin 6 [Pin_6, Passive, Line]
[pin_not_connected]: Pin not connected
    ; error
    @(243.84 mm, 166.37 mm): Symbol J8 Pin 5 [Pin_5, Passive, Line]
[pin_not_connected]: Pin not connected
    ; error
    @(243.84 mm, 168.91 mm): Symbol J8 Pin 4 [Pin_4, Passive, Line]
[pin_not_connected]: Pin not connected
    ; error
    @(243.84 mm, 171.45 mm): Symbol J8 Pin 3 [Pin_3, Passive, Line]
[pin_not_connected]: Pin not connected
    ; error
    @(243.84 mm, 173.99 mm): Symbol J8 Pin 2 [Pin_2, Passive, Line]
[pin_not_connected]: Pin not connected
    ; error
    @(243.84 mm, 176.53 mm): Symbol J8 Pin 1 [Pin_1, Passive, Line]
[pin_not_connected]: Pin not connected
    ; error
    @(314.96 mm, 62.23 mm): Symbol J9 Pin 1 [Pin_1, Passive, Line]
[pin_not_connected]: Pin not connected
    ; error
    @(314.96 mm, 64.77 mm): Symbol J9 Pin 2 [Pin_2, Passive, Line]
[pin_not_connected]: Pin not connected
    ; error
    @(314.96 mm, 67.31 mm): Symbol J9 Pin 3 [Pin_3, Passive, Line]
[pin_not_connected]: Pin not connected
    ; error
    @(314.96 mm, 69.85 mm): Symbol J9 Pin 4 [Pin_4, Passive, Line]
[pin_not_connected]: Pin not connected
    ; error
    @(314.96 mm, 72.39 mm): Symbol J9 Pin 5 [Pin_5, Passive, Line]
[pin_not_connected]: Pin not connected
    ; error
    @(314.96 mm, 74.93 mm): Symbol J9 Pin 6 [Pin_6, Passive, Line]
[pin_not_connected]: Pin not connected
    ; error
    @(314.96 mm, 77.47 mm): Symbol J9 Pin 7 [Pin_7, Passive, Line]
[pin_not_connected]: Pin not connected
    ; error
    @(314.96 mm, 80.01 mm): Symbol J9 Pin 8 [Pin_8, Passive, Line]
[pin_not_connected]: Pin not connected
    ; error
    @(314.96 mm, 82.55 mm): Symbol J9 Pin 9 [Pin_9, Passive, Line]
[pin_not_connected]: Pin not connected
    ; error
    @(314.96 mm, 85.09 mm): Symbol J9 Pin 10 [Pin_10, Passive, Line]
[pin_not_connected]: Pin not connected
    ; error
    @(314.96 mm, 87.63 mm): Symbol J9 Pin 11 [Pin_11, Passive, Line]
[pin_not_connected]: Pin not connected
    ; error
    @(314.96 mm, 90.17 mm): Symbol J9 Pin 12 [Pin_12, Passive, Line]
[power_pin_not_driven]: Input Power pin not driven by any Output Power pins
    ; error
    @(313.69 mm, 105.41 mm): Symbol #PWR018 Pin 1 [Power input, Line]
[power_pin_not_driven]: Input Power pin not driven by any Output Power pins
    ; error
    @(313.69 mm, 107.95 mm): Symbol #PWR017 Pin 1 [Power input, Line]
[pin_not_connected]: Pin not connected
    ; error
    @(355.60 mm, 63.50 mm): Symbol J10 Pin 1 [Pin_1, Passive, Line]
[pin_not_connected]: Pin not connected
    ; error
    @(355.60 mm, 66.04 mm): Symbol J10 Pin 2 [Pin_2, Passive, Line]
[pin_not_connected]: Pin not connected
    ; error
    @(355.60 mm, 68.58 mm): Symbol J10 Pin 3 [Pin_3, Passive, Line]
[pin_not_connected]: Pin not connected
    ; error
    @(355.60 mm, 71.12 mm): Symbol J10 Pin 4 [Pin_4, Passive, Line]
[pin_not_connected]: Pin not connected
    ; error
    @(355.60 mm, 73.66 mm): Symbol J10 Pin 5 [Pin_5, Passive, Line]
[pin_not_connected]: Pin not connected
    ; error
    @(355.60 mm, 76.20 mm): Symbol J10 Pin 6 [Pin_6, Passive, Line]
[pin_not_connected]: Pin not connected
    ; error
    @(355.60 mm, 78.74 mm): Symbol J10 Pin 7 [Pin_7, Passive, Line]
[pin_not_connected]: Pin not connected
    ; error
    @(355.60 mm, 81.28 mm): Symbol J10 Pin 8 [Pin_8, Passive, Line]
[pin_not_connected]: Pin not connected
    ; error
    @(355.60 mm, 83.82 mm): Symbol J10 Pin 9 [Pin_9, Passive, Line]
[pin_not_connected]: Pin not connected
    ; error
    @(355.60 mm, 86.36 mm): Symbol J10 Pin 10 [Pin_10, Passive, Line]
[pin_not_connected]: Pin not connected
    ; error
    @(355.60 mm, 88.90 mm): Symbol J10 Pin 11 [Pin_11, Passive, Line]
[pin_not_connected]: Pin not connected
    ; error
    @(355.60 mm, 91.44 mm): Symbol J10 Pin 12 [Pin_12, Passive, Line]
[pin_not_connected]: Pin not connected
    ; error
    @(377.19 mm, 21.59 mm): Symbol J11 Pin 1 [Pin_1, Passive, Line]
[pin_not_connected]: Pin not connected
    ; error
    @(377.19 mm, 35.56 mm): Symbol J12 Pin 1 [Pin_1, Passive, Line]
[pin_not_connected]: Pin not connected
    ; error
    @(377.19 mm, 48.26 mm): Symbol J13 Pin 1 [Pin_1, Passive, Line]
[pin_not_connected]: Pin not connected
    ; error
    @(377.19 mm, 60.96 mm): Symbol J14 Pin 1 [Pin_1, Passive, Line]
[lib_symbol_issues]: The current configuration does not include the symbol library 'muxlib'
    ; warning
    @(165.10 mm, 63.50 mm): Symbol K1 [AGQ200S12Z]
[lib_symbol_issues]: The current configuration does not include the symbol library 'muxlib'
    ; warning
    @(165.10 mm, 101.60 mm): Symbol K2 [AGQ200S12Z]
[lib_symbol_issues]: The current configuration does not include the symbol library 'muxlib'
    ; warning
    @(165.10 mm, 140.97 mm): Symbol K3 [AGQ200S12Z]
[lib_symbol_issues]: The current configuration does not include the symbol library 'muxlib'
    ; warning
    @(165.10 mm, 180.34 mm): Symbol K4 [AGQ200S12Z]
[lib_symbol_issues]: The current configuration does not include the symbol library 'muxlib'
    ; warning
    @(165.10 mm, 220.98 mm): Symbol K5 [AGQ200S12Z]
[lib_symbol_issues]: The current configuration does not include the symbol library 'muxlib'
    ; warning
    @(248.92 mm, 222.25 mm): Symbol K6 [AGQ200S12Z]

 ** ERC messages: 68  Errors 62  Warnings 6
